#
# There is insufficient memory for the Java Runtime Environment to continue.
# Native memory allocation (mmap) failed to map 104861696 bytes for committing reserved memory.
# Possible reasons:
#   The system is out of physical RAM or swap space
#   In 32 bit mode, the process size limit was hit
# Possible solutions:
#   Reduce memory load on the system
#   Increase physical memory or swap space
#   Check if swap backing store is full
#   Use 64 bit Java on a 64 bit OS
#   Decrease Java heap size (-Xmx/-Xms)
#   Decrease number of Java threads
#   Decrease Java thread stack sizes (-Xss)
#   Set larger code cache with -XX:ReservedCodeCacheSize=
# This output file may be truncated or incomplete.
#
#  Out of Memory Error (os_linux.cpp:2627), pid=9560, tid=0x00007f5fa4507700
#
# JRE version: Java(TM) SE Runtime Environment (8.0_111-b14) (build 1.8.0_111-b14)
# Java VM: Java HotSpot(TM) 64-Bit Server VM (25.111-b14 mixed mode linux-amd64 compressed oops)
# Failed to write core dump. Core dumps have been disabled. To enable core dumping, try "ulimit -c unlimited" before starting Java again
#

---------------  T H R E A D  ---------------

Current thread (0x00007f5fb4072800):  VMThread [stack: 0x00007f5fa4407000,0x00007f5fa4508000] [id=9566]

Stack: [0x00007f5fa4407000,0x00007f5fa4508000],  sp=0x00007f5fa45065b0,  free space=1021k
Native frames: (J=compiled Java code, j=interpreted, Vv=VM code, C=native code)
V  [libjvm.so+0xac5c2a]  VMError::report_and_die()+0x2ba
V  [libjvm.so+0x4fc50b]  report_vm_out_of_memory(char const*, int, unsigned long, VMErrorType, char const*)+0x8b
V  [libjvm.so+0x922ae3]  os::Linux::commit_memory_impl(char*, unsigned long, bool)+0x103
V  [libjvm.so+0x923039]  os::pd_commit_memory(char*, unsigned long, unsigned long, bool)+0x29
V  [libjvm.so+0x91d33a]  os::commit_memory(char*, unsigned long, unsigned long, bool)+0x2a
V  [libjvm.so+0xac1989]  VirtualSpace::expand_by(unsigned long, bool)+0x199
V  [libjvm.so+0x5f8fa5]  OneContigSpaceCardGeneration::grow_by(unsigned long)+0x25
V  [libjvm.so+0x5f936f]  CardGeneration::expand(unsigned long, unsigned long)+0x6f
V  [libjvm.so+0x5f941e]  OneContigSpaceCardGeneration::expand(unsigned long, unsigned long)+0x3e
V  [libjvm.so+0x5f90f8]  OneContigSpaceCardGeneration::expand_and_allocate(unsigned long, bool, bool)+0xc8
V  [libjvm.so+0x486864]  GenCollectorPolicy::expand_heap_and_allocate(unsigned long, bool)+0xc4
V  [libjvm.so+0x487512]  GenCollectorPolicy::satisfy_failed_allocation(unsigned long, bool)+0x162
V  [libjvm.so+0xac6c34]  VM_GenCollectForAllocation::doit()+0x94
V  [libjvm.so+0xacf125]  VM_Operation::evaluate()+0x55
V  [libjvm.so+0xacd4fa]  VMThread::evaluate_operation(VM_Operation*)+0xba
V  [libjvm.so+0xacd87e]  VMThread::loop()+0x1ce
V  [libjvm.so+0xacdcf0]  VMThread::run()+0x70
V  [libjvm.so+0x924ea8]  java_start(Thread*)+0x108

VM_Operation (0x00007f5f9018cf20): GenCollectForAllocation, mode: safepoint, requested by thread 0x00007f5f8c01b800


---------------  P R O C E S S  ---------------

Java Threads: ( => current thread )
  0x00007f5f9c02c800 JavaThread "communication thread" daemon [_thread_blocked, id=9601, stack(0x00007f5f83aff000,0x00007f5f83c00000)]
  0x00007f5f8c01b800 JavaThread "LocalJobRunner Map Task Executor #0" [_thread_blocked, id=9600, stack(0x00007f5f9008e000,0x00007f5f9018f000)]
  0x00007f5fb4ddd800 JavaThread "Thread-12" [_thread_blocked, id=9599, stack(0x00007f5f9060f000,0x00007f5f90710000)]
  0x00007f5fb4cd1800 JavaThread "IPC Parameter Sending Thread #0" daemon [_thread_blocked, id=9578, stack(0x00007f5f90710000,0x00007f5f90811000)]
  0x00007f5fb4cd1000 JavaThread "IPC Client (1794717576) connection to master/192.168.80.128:9000 from root" daemon [_thread_blocked, id=9577, stack(0x00007f5f91644000,0x00007f5f91745000)]
  0x00007f5fb4a28800 JavaThread "process reaper" daemon [_thread_blocked, id=9575, stack(0x00007f5f91745000,0x00007f5f9177e000)]
  0x00007f5fb40b8800 JavaThread "Service Thread" daemon [_thread_blocked, id=9572, stack(0x00007f5f91f6e000,0x00007f5f9206f000)]
  0x00007f5fb40b5000 JavaThread "C1 CompilerThread1" daemon [_thread_blocked, id=9571, stack(0x00007f5f9206f000,0x00007f5f92170000)]
  0x00007f5fb40b3000 JavaThread "C2 CompilerThread0" daemon [_thread_blocked, id=9570, stack(0x00007f5fa4003000,0x00007f5fa4104000)]
  0x00007f5fb40b1800 JavaThread "Signal Dispatcher" daemon [_thread_blocked, id=9569, stack(0x00007f5fa4104000,0x00007f5fa4205000)]
  0x00007f5fb407e800 JavaThread "Finalizer" daemon [_thread_blocked, id=9568, stack(0x00007f5fa4205000,0x00007f5fa4306000)]
  0x00007f5fb407a000 JavaThread "Reference Handler" daemon [_thread_blocked, id=9567, stack(0x00007f5fa4306000,0x00007f5fa4407000)]
  0x00007f5fb400e000 JavaThread "main" [_thread_blocked, id=9565, stack(0x00007f5fbac3c000,0x00007f5fbad3d000)]

Other Threads:
=>0x00007f5fb4072800 VMThread [stack: 0x00007f5fa4407000,0x00007f5fa4508000] [id=9566]
  0x00007f5fb40bc000 WatcherThread [stack: 0x00007f5f91e6d000,0x00007f5f91f6e000] [id=9573]

VM state:at safepoint (normal execution)

VM Mutex/Monitor currently owned by a thread:  ([mutex/lock_event])
[0x00007f5fb400b630] Threads_lock - owner thread: 0x00007f5fb4072800
[0x00007f5fb400bb30] Heap_lock - owner thread: 0x00007f5f8c01b800

Heap:
 def new generation   total 7488K, used 0K [0x00000000e8c00000, 0x00000000e9410000, 0x00000000f0800000)
  eden space 6720K,   0% used [0x00000000e8c00000, 0x00000000e8c00000, 0x00000000e9290000)
  from space 768K,   0% used [0x00000000e9290000, 0x00000000e9290000, 0x00000000e9350000)
  to   space 768K,   0% used [0x00000000e9350000, 0x00000000e9350000, 0x00000000e9410000)
 tenured generation   total 16384K, used 5683K [0x00000000f0800000, 0x00000000f1800000, 0x0000000100000000)
   the space 16384K,  34% used [0x00000000f0800000, 0x00000000f0d8cf68, 0x00000000f0d8d000, 0x00000000f1800000)
 Metaspace       used 21536K, capacity 21692K, committed 21888K, reserved 1069056K
  class space    used 2527K, capacity 2578K, committed 2688K, reserved 1048576K

Card table byte_map: [0x00007f5fbab81000,0x00007f5fbac3c000] byte_map_base: 0x00007f5fba43b000

Polling page: 0x00007f5fbad4b000

CodeCache: size=245760Kb used=5283Kb max_used=5502Kb free=240476Kb
 bounds [0x00007f5fa5000000, 0x00007f5fa5570000, 0x00007f5fb4000000]
 total_blobs=1985 nmethods=1543 adapters=355
 compilation: enabled

Compilation events (10 events):
Event: 9.551 Thread 0x00007f5fb40b5000 1713  s    1       java.lang.StringBuffer::length (5 bytes)
Event: 9.551 Thread 0x00007f5fb40b5000 nmethod 1713 0x00007f5fa5254d50 code [0x00007f5fa5254ea0, 0x00007f5fa5255110]
Event: 9.660 Thread 0x00007f5fb40b5000 1715       3       java.util.WeakHashMap::get (77 bytes)
Event: 9.661 Thread 0x00007f5fb40b5000 nmethod 1715 0x00007f5fa51a1a10 code [0x00007f5fa51a1c00, 0x00007f5fa51a2480]
Event: 9.663 Thread 0x00007f5fb40b5000 1716       3       java.util.regex.Pattern$GroupHead::match (47 bytes)
Event: 9.663 Thread 0x00007f5fb40b5000 nmethod 1716 0x00007f5fa5128510 code [0x00007f5fa5128680, 0x00007f5fa5128920]
Event: 9.664 Thread 0x00007f5fb40b5000 1717       3       java.util.regex.Matcher::group (112 bytes)
Event: 9.665 Thread 0x00007f5fb40b5000 nmethod 1717 0x00007f5fa5562b50 code [0x00007f5fa5562da0, 0x00007f5fa5563ad8]
Event: 9.680 Thread 0x00007f5fb40b5000 1718  s    3       org.apache.hadoop.conf.Configuration::getProps (131 bytes)
Event: 9.681 Thread 0x00007f5fb40b5000 nmethod 1718 0x00007f5fa512f610 code [0x00007f5fa512f900, 0x00007f5fa5130d90]

GC Heap History (10 events):
Event: 9.022 GC heap before
{Heap before GC invocations=23 (full 0):
 def new generation   total 7424K, used 7403K [0x00000000e8c00000, 0x00000000e9400000, 0x00000000f0800000)
  eden space 6656K, 100% used [0x00000000e8c00000, 0x00000000e9280000, 0x00000000e9280000)
  from space 768K,  97% used [0x00000000e9340000, 0x00000000e93fad08, 0x00000000e9400000)
  to   space 768K,   0% used [0x00000000e9280000, 0x00000000e9280000, 0x00000000e9340000)
 tenured generation   total 16384K, used 7930K [0x00000000f0800000, 0x00000000f1800000, 0x0000000100000000)
   the space 16384K,  48% used [0x00000000f0800000, 0x00000000f0fbe808, 0x00000000f0fbea00, 0x00000000f1800000)
 Metaspace       used 20694K, capacity 20988K, committed 21248K, reserved 1069056K
  class space    used 2418K, capacity 2514K, committed 2560K, reserved 1048576K
Event: 9.024 GC heap after
Heap after GC invocations=24 (full 0):
 def new generation   total 7424K, used 454K [0x00000000e8c00000, 0x00000000e9400000, 0x00000000f0800000)
  eden space 6656K,   0% used [0x00000000e8c00000, 0x00000000e8c00000, 0x00000000e9280000)
  from space 768K,  59% used [0x00000000e9280000, 0x00000000e92f1bd8, 0x00000000e9340000)
  to   space 768K,   0% used [0x00000000e9340000, 0x00000000e9340000, 0x00000000e9400000)
 tenured generation   total 16384K, used 8043K [0x00000000f0800000, 0x00000000f1800000, 0x0000000100000000)
   the space 16384K,  49% used [0x00000000f0800000, 0x00000000f0fdade8, 0x00000000f0fdae00, 0x00000000f1800000)
 Metaspace       used 20694K, capacity 20988K, committed 21248K, reserved 1069056K
  class space    used 2418K, capacity 2514K, committed 2560K, reserved 1048576K
}
Event: 9.079 GC heap before
{Heap before GC invocations=24 (full 0):
 def new generation   total 7424K, used 7110K [0x00000000e8c00000, 0x00000000e9400000, 0x00000000f0800000)
  eden space 6656K, 100% used [0x00000000e8c00000, 0x00000000e9280000, 0x00000000e9280000)
  from space 768K,  59% used [0x00000000e9280000, 0x00000000e92f1bd8, 0x00000000e9340000)
  to   space 768K,   0% used [0x00000000e9340000, 0x00000000e9340000, 0x00000000e9400000)
 tenured generation   total 16384K, used 8043K [0x00000000f0800000, 0x00000000f1800000, 0x0000000100000000)
   the space 16384K,  49% used [0x00000000f0800000, 0x00000000f0fdade8, 0x00000000f0fdae00, 0x00000000f1800000)
 Metaspace       used 20705K, capacity 20988K, committed 21248K, reserved 1069056K
  class space    used 2418K, capacity 2514K, committed 2560K, reserved 1048576K
Event: 9.081 GC heap after
Heap after GC invocations=25 (full 0):
 def new generation   total 7424K, used 562K [0x00000000e8c00000, 0x00000000e9400000, 0x00000000f0800000)
  eden space 6656K,   0% used [0x00000000e8c00000, 0x00000000e8c00000, 0x00000000e9280000)
  from space 768K,  73% used [0x00000000e9340000, 0x00000000e93cc998, 0x00000000e9400000)
  to   space 768K,   0% used [0x00000000e9280000, 0x00000000e9280000, 0x00000000e9340000)
 tenured generation   total 16384K, used 8114K [0x00000000f0800000, 0x00000000f1800000, 0x0000000100000000)
   the space 16384K,  49% used [0x00000000f0800000, 0x00000000f0fec8d8, 0x00000000f0feca00, 0x00000000f1800000)
 Metaspace       used 20705K, capacity 20988K, committed 21248K, reserved 1069056K
  class space    used 2418K, capacity 2514K, committed 2560K, reserved 1048576K
}
Event: 9.293 GC heap before
{Heap before GC invocations=25 (full 0):
 def new generation   total 7424K, used 6146K [0x00000000e8c00000, 0x00000000e9400000, 0x00000000f0800000)
  eden space 6656K,  83% used [0x00000000e8c00000, 0x00000000e9173e90, 0x00000000e9280000)
  from space 768K,  73% used [0x00000000e9340000, 0x00000000e93cc998, 0x00000000e9400000)
  to   space 768K,   0% used [0x00000000e9280000, 0x00000000e9280000, 0x00000000e9340000)
 tenured generation   total 16384K, used 8114K [0x00000000f0800000, 0x00000000f1800000, 0x0000000100000000)
   the space 16384K,  49% used [0x00000000f0800000, 0x00000000f0fec8d8, 0x00000000f0feca00, 0x00000000f1800000)
 Metaspace       used 20944K, capacity 21148K, committed 21248K, reserved 1069056K
  class space    used 2449K, capacity 2546K, committed 2560K, reserved 1048576K
Event: 9.353 GC heap after
Heap after GC invocations=26 (full 1):
 def new generation   total 7488K, used 0K [0x00000000e8c00000, 0x00000000e9410000, 0x00000000f0800000)
  eden space 6720K,   0% used [0x00000000e8c00000, 0x00000000e8c00000, 0x00000000e9290000)
  from space 768K,   0% used [0x00000000e9290000, 0x00000000e9290000, 0x00000000e9350000)
  to   space 768K,   0% used [0x00000000e9350000, 0x00000000e9350000, 0x00000000e9410000)
 tenured generation   total 16384K, used 7235K [0x00000000f0800000, 0x00000000f1800000, 0x0000000100000000)
   the space 16384K,  44% used [0x00000000f0800000, 0x00000000f0f10c20, 0x00000000f0f10e00, 0x00000000f1800000)
 Metaspace       used 20944K, capacity 21148K, committed 21248K, reserved 1069056K
  class space    used 2449K, capacity 2546K, committed 2560K, reserved 1048576K
}
Event: 9.479 GC heap before
{Heap before GC invocations=26 (full 1):
 def new generation   total 7488K, used 6720K [0x00000000e8c00000, 0x00000000e9410000, 0x00000000f0800000)
  eden space 6720K, 100% used [0x00000000e8c00000, 0x00000000e9290000, 0x00000000e9290000)
  from space 768K,   0% used [0x00000000e9290000, 0x00000000e9290000, 0x00000000e9350000)
  to   space 768K,   0% used [0x00000000e9350000, 0x00000000e9350000, 0x00000000e9410000)
 tenured generation   total 16384K, used 7235K [0x00000000f0800000, 0x00000000f1800000, 0x0000000100000000)
   the space 16384K,  44% used [0x00000000f0800000, 0x00000000f0f10c20, 0x00000000f0f10e00, 0x00000000f1800000)
 Metaspace       used 21266K, capacity 21564K, committed 21888K, reserved 1069056K
  class space    used 2494K, capacity 2578K, committed 2688K, reserved 1048576K
Event: 9.480 GC heap after
Heap after GC invocations=27 (full 1):
 def new generation   total 7488K, used 427K [0x00000000e8c00000, 0x00000000e9410000, 0x00000000f0800000)
  eden space 6720K,   0% used [0x00000000e8c00000, 0x00000000e8c00000, 0x00000000e9290000)
  from space 768K,  55% used [0x00000000e9350000, 0x00000000e93bac90, 0x00000000e9410000)
  to   space 768K,   0% used [0x00000000e9290000, 0x00000000e9290000, 0x00000000e9350000)
 tenured generation   total 16384K, used 7235K [0x00000000f0800000, 0x00000000f1800000, 0x0000000100000000)
   the space 16384K,  44% used [0x00000000f0800000, 0x00000000f0f10c20, 0x00000000f0f10e00, 0x00000000f1800000)
 Metaspace       used 21266K, capacity 21564K, committed 21888K, reserved 1069056K
  class space    used 2494K, capacity 2578K, committed 2688K, reserved 1048576K
}
Event: 9.692 GC heap before
{Heap before GC invocations=27 (full 1):
 def new generation   total 7488K, used 3986K [0x00000000e8c00000, 0x00000000e9410000, 0x00000000f0800000)
  eden space 6720K,  52% used [0x00000000e8c00000, 0x00000000e8f79c10, 0x00000000e9290000)
  from space 768K,  55% used [0x00000000e9350000, 0x00000000e93bac90, 0x00000000e9410000)
  to   space 768K,   0% used [0x00000000e9290000, 0x00000000e9290000, 0x00000000e9350000)
 tenured generation   total 16384K, used 7235K [0x00000000f0800000, 0x00000000f1800000, 0x0000000100000000)
   the space 16384K,  44% used [0x00000000f0800000, 0x00000000f0f10c20, 0x00000000f0f10e00, 0x00000000f1800000)
 Metaspace       used 21536K, capacity 21692K, committed 21888K, reserved 1069056K
  class space    used 2527K, capacity 2578K, committed 2688K, reserved 1048576K
Event: 9.714 GC heap after
Heap after GC invocations=28 (full 2):
 def new generation   total 7488K, used 0K [0x00000000e8c00000, 0x00000000e9410000, 0x00000000f0800000)
  eden space 6720K,   0% used [0x00000000e8c00000, 0x00000000e8c00000, 0x00000000e9290000)
  from space 768K,   0% used [0x00000000e9290000, 0x00000000e9290000, 0x00000000e9350000)
  to   space 768K,   0% used [0x00000000e9350000, 0x00000000e9350000, 0x00000000e9410000)
 tenured generation   total 16384K, used 5683K [0x00000000f0800000, 0x00000000f1800000, 0x0000000100000000)
   the space 16384K,  34% used [0x00000000f0800000, 0x00000000f0d8cf68, 0x00000000f0d8d000, 0x00000000f1800000)
 Metaspace       used 21536K, capacity 21692K, committed 21888K, reserved 1069056K
  class space    used 2527K, capacity 2578K, committed 2688K, reserved 1048576K
}

Deoptimization events (10 events):
Event: 7.805 Thread 0x00007f5fb400e000 Uncommon trap: reason=class_check action=maybe_recompile pc=0x00007f5fa545b730 method=java.util.regex.Pattern$Curly.match(Ljava/util/regex/Matcher;ILjava/lang/CharSequence;)Z @ 19
Event: 8.180 Thread 0x00007f5fb400e000 Uncommon trap: reason=class_check action=maybe_recompile pc=0x00007f5fa545b730 method=java.util.regex.Pattern$Curly.match(Ljava/util/regex/Matcher;ILjava/lang/CharSequence;)Z @ 19
Event: 8.245 Thread 0x00007f5fb400e000 Uncommon trap: reason=bimorphic action=maybe_recompile pc=0x00007f5fa53f21c0 method=java.io.DataOutputStream.writeByte(I)V @ 5
Event: 8.251 Thread 0x00007f5fb400e000 Uncommon trap: reason=bimorphic action=maybe_recompile pc=0x00007f5fa53f21c0 method=java.io.DataOutputStream.writeByte(I)V @ 5
Event: 8.274 Thread 0x00007f5fb400e000 Uncommon trap: reason=bimorphic action=maybe_recompile pc=0x00007f5fa53f21c0 method=java.io.DataOutputStream.writeByte(I)V @ 5
Event: 8.274 Thread 0x00007f5fb400e000 Uncommon trap: reason=bimorphic action=maybe_recompile pc=0x00007f5fa53f21c0 method=java.io.DataOutputStream.writeByte(I)V @ 5
Event: 8.773 Thread 0x00007f5fb400e000 Uncommon trap: reason=unstable_if action=reinterpret pc=0x00007f5fa5408b18 method=java.util.WeakHashMap.expungeStaleEntries()V @ 9
Event: 8.826 Thread 0x00007f5fb400e000 Uncommon trap: reason=unstable_if action=reinterpret pc=0x00007f5fa539f5f0 method=org.apache.xerces.dom.DeferredDocumentImpl.clearChunkIndex([[III)I @ 47
Event: 8.835 Thread 0x00007f5fb400e000 Uncommon trap: reason=unstable_if action=reinterpret pc=0x00007f5fa52e058c method=org.apache.xerces.dom.DeferredDocumentImpl.clearChunkIndex([[III)I @ 47
Event: 9.051 Thread 0x00007f5fb400e000 Uncommon trap: reason=speculate_class_check action=maybe_recompile pc=0x00007f5fa54e0e18 method=org.apache.xerces.dom.CoreDocumentImpl.isKidOK(Lorg/w3c/dom/Node;Lorg/w3c/dom/Node;)Z @ 39

Internal exceptions (10 events):
Event: 0.343 Thread 0x00007f5fb400e000 Exception <a 'java/security/PrivilegedActionException'> (0x00000000e8e73620) thrown at [/HUDSON3/workspace/8-2-build-linux-amd64/jdk8u111/7883/hotspot/src/share/vm/prims/jvm.cpp, line 1386]
Event: 0.343 Thread 0x00007f5fb400e000 Exception <a 'java/security/PrivilegedActionException'> (0x00000000e8e73830) thrown at [/HUDSON3/workspace/8-2-build-linux-amd64/jdk8u111/7883/hotspot/src/share/vm/prims/jvm.cpp, line 1386]
Event: 0.343 Thread 0x00007f5fb400e000 Exception <a 'java/security/PrivilegedActionException'> (0x00000000e8e743f0) thrown at [/HUDSON3/workspace/8-2-build-linux-amd64/jdk8u111/7883/hotspot/src/share/vm/prims/jvm.cpp, line 1386]
Event: 0.343 Thread 0x00007f5fb400e000 Exception <a 'java/security/PrivilegedActionException'> (0x00000000e8e74600) thrown at [/HUDSON3/workspace/8-2-build-linux-amd64/jdk8u111/7883/hotspot/src/share/vm/prims/jvm.cpp, line 1386]
Event: 0.532 Thread 0x00007f5fb400e000 Exception <a 'java/security/PrivilegedActionException'> (0x00000000e9043f48) thrown at [/HUDSON3/workspace/8-2-build-linux-amd64/jdk8u111/7883/hotspot/src/share/vm/prims/jvm.cpp, line 1386]
Event: 0.532 Thread 0x00007f5fb400e000 Exception <a 'java/security/PrivilegedActionException'> (0x00000000e9044158) thrown at [/HUDSON3/workspace/8-2-build-linux-amd64/jdk8u111/7883/hotspot/src/share/vm/prims/jvm.cpp, line 1386]
Event: 0.532 Thread 0x00007f5fb400e000 Exception <a 'java/security/PrivilegedActionException'> (0x00000000e9046210) thrown at [/HUDSON3/workspace/8-2-build-linux-amd64/jdk8u111/7883/hotspot/src/share/vm/prims/jvm.cpp, line 1386]
Event: 0.532 Thread 0x00007f5fb400e000 Exception <a 'java/security/PrivilegedActionException'> (0x00000000e9046420) thrown at [/HUDSON3/workspace/8-2-build-linux-amd64/jdk8u111/7883/hotspot/src/share/vm/prims/jvm.cpp, line 1386]
Event: 3.885 Thread 0x00007f5fb400e000 Exception <a 'java/lang/NoSuchFieldError': method resolution failed> (0x00000000e8cb7760) thrown at [/HUDSON3/workspace/8-2-build-linux-amd64/jdk8u111/7883/hotspot/src/share/vm/prims/methodHandles.cpp, line 1146]
Event: 3.890 Thread 0x00007f5fb400e000 Exception <a 'java/lang/NoSuchFieldError': method resolution failed> (0x00000000e8cc4e20) thrown at [/HUDSON3/workspace/8-2-build-linux-amd64/jdk8u111/7883/hotspot/src/share/vm/prims/methodHandles.cpp, line 1146]

Events (10 events):
Event: 9.689 loading class org/apache/hadoop/mapred/MapTask$MapOutputBuffer$Buffer done
Event: 9.690 loading class org/apache/hadoop/mapred/MapTask$MapOutputBuffer$SpillThread
Event: 9.690 loading class org/apache/hadoop/mapred/MapTask$MapOutputBuffer$SpillThread done
Event: 9.691 loading class org/apache/hadoop/util/QuickSort
Event: 9.691 loading class org/apache/hadoop/util/QuickSort done
Event: 9.691 loading class org/apache/hadoop/util/IndexedSorter
Event: 9.691 loading class org/apache/hadoop/util/IndexedSorter done
Event: 9.692 loading class org/apache/hadoop/util/HeapSort
Event: 9.692 loading class org/apache/hadoop/util/HeapSort done
Event: 9.692 Executing VM operation: GenCollectForAllocation


Dynamic libraries:
00400000-00401000 r-xp 00000000 08:02 279880                             /opt/jdk1.8.0_111/bin/java
00600000-00601000 rw-p 00000000 08:02 279880                             /opt/jdk1.8.0_111/bin/java
012a3000-012c4000 rw-p 00000000 00:00 0                                  [heap]
e8c00000-e9410000 rw-p 00000000 00:00 0 
e9410000-f0800000 ---p 00000000 00:00 0 
f0800000-f1800000 rw-p 00000000 00:00 0 
f7c01000-100000000 ---p 00000000 00:00 0 
100000000-1002a0000 rw-p 00000000 00:00 0 
1002a0000-140000000 ---p 00000000 00:00 0 
7f5f7c000000-7f5f7c021000 rw-p 00000000 00:00 0 
7f5f7c021000-7f5f80000000 ---p 00000000 00:00 0 
7f5f839fe000-7f5f83a01000 ---p 00000000 00:00 0 
7f5f83a01000-7f5f83aff000 rw-p 00000000 00:00 0 
7f5f83aff000-7f5f83b02000 ---p 00000000 00:00 0 
7f5f83b02000-7f5f83cc0000 rw-p 00000000 00:00 0 
7f5f83cc0000-7f5f83e00000 ---p 00000000 00:00 0 
7f5f83e00000-7f5f84000000 rw-p 00000000 00:00 0 
7f5f84000000-7f5f84595000 rw-p 00000000 00:00 0 
7f5f84595000-7f5f88000000 ---p 00000000 00:00 0 
7f5f88000000-7f5f885d7000 rw-p 00000000 00:00 0 
7f5f885d7000-7f5f8c000000 ---p 00000000 00:00 0 
7f5f8c000000-7f5f8c021000 rw-p 00000000 00:00 0 
7f5f8c021000-7f5f90000000 ---p 00000000 00:00 0 
7f5f9008e000-7f5f90091000 ---p 00000000 00:00 0 
7f5f90091000-7f5f9018f000 rw-p 00000000 00:00 0 
7f5f9018f000-7f5f90194000 r--s 002f9000 08:02 279907                     /opt/jdk1.8.0_111/jre/lib/charsets.jar
7f5f90194000-7f5f901a7000 r--s 00345000 08:02 280171                     /opt/jdk1.8.0_111/jre/lib/resources.jar
7f5f901a7000-7f5f901bd000 r-xp 00000000 08:02 129805                     /lib64/libgcc_s-4.4.6-20120305.so.1
7f5f901bd000-7f5f903bc000 ---p 00016000 08:02 129805                     /lib64/libgcc_s-4.4.6-20120305.so.1
7f5f903bc000-7f5f903bd000 rw-p 00015000 08:02 129805                     /lib64/libgcc_s-4.4.6-20120305.so.1
7f5f903c1000-7f5f903c2000 rw-p 00000000 00:00 0 
7f5f903c2000-7f5f903c8000 r--s 0003f000 08:02 280040                     /opt/jdk1.8.0_111/jre/lib/ext/sunjce_provider.jar
7f5f903c8000-7f5f903fa000 r-xp 00000000 08:02 279970                     /opt/jdk1.8.0_111/jre/lib/amd64/libsunec.so
7f5f903fa000-7f5f905f9000 ---p 00032000 08:02 279970                     /opt/jdk1.8.0_111/jre/lib/amd64/libsunec.so
7f5f905f9000-7f5f905ff000 rw-p 00031000 08:02 279970                     /opt/jdk1.8.0_111/jre/lib/amd64/libsunec.so
7f5f905ff000-7f5f9060f000 rw-p 00000000 00:00 0 
7f5f9060f000-7f5f90612000 ---p 00000000 00:00 0 
7f5f90612000-7f5f90710000 rw-p 00000000 00:00 0 
7f5f90710000-7f5f90713000 ---p 00000000 00:00 0 
7f5f90713000-7f5f90811000 rw-p 00000000 00:00 0 
7f5f90811000-7f5f90822000 r-xp 00000000 08:02 279987                     /opt/jdk1.8.0_111/jre/lib/amd64/libnio.so
7f5f90822000-7f5f90a21000 ---p 00011000 08:02 279987                     /opt/jdk1.8.0_111/jre/lib/amd64/libnio.so
7f5f90a21000-7f5f90a22000 rw-p 00010000 08:02 279987                     /opt/jdk1.8.0_111/jre/lib/amd64/libnio.so
7f5f90a22000-7f5f90c22000 rw-p 00000000 00:00 0 
7f5f90c22000-7f5f90e22000 rw-p 00000000 00:00 0 
7f5f90e22000-7f5f91022000 rw-p 00000000 00:00 0 
7f5f91022000-7f5f91038000 r-xp 00000000 08:02 279962                     /opt/jdk1.8.0_111/jre/lib/amd64/libnet.so
7f5f91038000-7f5f91238000 ---p 00016000 08:02 279962                     /opt/jdk1.8.0_111/jre/lib/amd64/libnet.so
7f5f91238000-7f5f91239000 rw-p 00016000 08:02 279962                     /opt/jdk1.8.0_111/jre/lib/amd64/libnet.so
7f5f91239000-7f5f9123b000 r--s 00009000 08:02 280039                     /opt/jdk1.8.0_111/jre/lib/ext/sunec.jar
7f5f9123b000-7f5f9123f000 r--s 0003a000 08:02 280037                     /opt/jdk1.8.0_111/jre/lib/ext/sunpkcs11.jar
7f5f9123f000-7f5f91243000 r--s 00097000 08:02 279906                     /opt/jdk1.8.0_111/jre/lib/jsse.jar
7f5f91243000-7f5f91244000 r-xp 00000000 08:02 280021                     /opt/jdk1.8.0_111/jre/lib/amd64/libjaas_unix.so
7f5f91244000-7f5f91443000 ---p 00001000 08:02 280021                     /opt/jdk1.8.0_111/jre/lib/amd64/libjaas_unix.so
7f5f91443000-7f5f91444000 rw-p 00000000 08:02 280021                     /opt/jdk1.8.0_111/jre/lib/amd64/libjaas_unix.so
7f5f91444000-7f5f91644000 rw-p 00000000 00:00 0 
7f5f91644000-7f5f91647000 ---p 00000000 00:00 0 
7f5f91647000-7f5f91745000 rw-p 00000000 00:00 0 
7f5f91745000-7f5f91748000 ---p 00000000 00:00 0 
7f5f91748000-7f5f9177e000 rw-p 00000000 00:00 0 
7f5f9177e000-7f5f91787000 r-xp 00000000 08:02 279998                     /opt/jdk1.8.0_111/jre/lib/amd64/libmanagement.so
7f5f91787000-7f5f91986000 ---p 00009000 08:02 279998                     /opt/jdk1.8.0_111/jre/lib/amd64/libmanagement.so
7f5f91986000-7f5f91987000 rw-p 00008000 08:02 279998                     /opt/jdk1.8.0_111/jre/lib/amd64/libmanagement.so
7f5f91987000-7f5f9198c000 r--s 00022000 08:02 273907                     /opt/hadoop-2.6.1/share/hadoop/common/hadoop-nfs-2.6.1.jar
7f5f9198c000-7f5f919c1000 r--s 002f6000 08:02 273824                     /opt/hadoop-2.6.1/share/hadoop/common/hadoop-common-2.6.1.jar
7f5f919c1000-7f5f919c3000 r--s 00005000 08:02 273861                     /opt/hadoop-2.6.1/share/hadoop/common/lib/slf4j-api-1.7.5.jar
7f5f919c3000-7f5f919c9000 r--s 00032000 08:02 273842                     /opt/hadoop-2.6.1/share/hadoop/common/lib/httpcore-4.2.5.jar
7f5f919c9000-7f5f919ca000 r--s 00003000 08:02 273826                     /opt/hadoop-2.6.1/share/hadoop/common/lib/xmlenc-0.52.jar
7f5f919ca000-7f5f919cf000 r--s 0005f000 08:02 273855                     /opt/hadoop-2.6.1/share/hadoop/common/lib/jasper-compiler-5.5.23.jar
7f5f919cf000-7f5f919d1000 r--s 0000f000 08:02 273844                     /opt/hadoop-2.6.1/share/hadoop/common/lib/hadoop-auth-2.6.1.jar
7f5f919d1000-7f5f919d5000 r--s 00021000 08:02 273872                     /opt/hadoop-2.6.1/share/hadoop/common/lib/jersey-json-1.9.jar
7f5f919d5000-7f5f919d9000 r--s 0002f000 08:02 273882                     /opt/hadoop-2.6.1/share/hadoop/common/lib/commons-beanutils-core-1.8.0.jar
7f5f919d9000-7f5f919dc000 r--s 00016000 08:02 273878                     /opt/hadoop-2.6.1/share/hadoop/common/lib/jsp-api-2.1.jar
7f5f919dc000-7f5f919de000 r--s 0000e000 08:02 273845                     /opt/hadoop-2.6.1/share/hadoop/common/lib/commons-logging-1.1.3.jar
7f5f919de000-7f5f919e2000 r--s 00020000 08:02 273890                     /opt/hadoop-2.6.1/share/hadoop/common/lib/commons-digester-1.8.jar
7f5f919e2000-7f5f919ff000 r--s 0016a000 08:02 273835                     /opt/hadoop-2.6.1/share/hadoop/common/lib/commons-math3-3.1.1.jar
7f5f919ff000-7f5f91a01000 r--s 00003000 08:02 273873                     /opt/hadoop-2.6.1/share/hadoop/common/lib/api-asn1-api-1.0.0-M20.jar
7f5f91a01000-7f5f91a03000 r--s 0000f000 08:02 273837                     /opt/hadoop-2.6.1/share/hadoop/common/lib/jettison-1.1.jar
7f5f91a03000-7f5f91a07000 r--s 0002a000 08:02 273889                     /opt/hadoop-2.6.1/share/hadoop/common/lib/commons-io-2.4.jar
7f5f91a07000-7f5f91a0e000 r--s 00036000 08:02 273830                     /opt/hadoop-2.6.1/share/hadoop/common/lib/curator-recipes-2.6.0.jar
7f5f91a0e000-7f5f91a10000 r--s 00012000 08:02 273881                     /opt/hadoop-2.6.1/share/hadoop/common/lib/api-util-1.0.0-M20.jar
7f5f91a10000-7f5f91a16000 r--s 00036000 08:02 273867                     /opt/hadoop-2.6.1/share/hadoop/common/lib/junit-4.11.jar
7f5f91a16000-7f5f91a17000 r--s 00006000 08:02 273869                     /opt/hadoop-2.6.1/share/hadoop/common/lib/jackson-xc-1.9.13.jar
7f5f91a17000-7f5f91a29000 r--s 0009d000 08:02 273860                     /opt/hadoop-2.6.1/share/hadoop/common/lib/jersey-server-1.9.jar
7f5f91a29000-7f5f91a2c000 r--s 00019000 08:02 273846                     /opt/hadoop-2.6.1/share/hadoop/common/lib/commons-el-1.0.jar
7f5f91a2c000-7f5f91a2e000 r--s 0000e000 08:02 273879                     /opt/hadoop-2.6.1/share/hadoop/common/lib/activation-1.1.jar
7f5f91a2e000-7f5f91a32000 r--s 00028000 08:02 273856                     /opt/hadoop-2.6.1/share/hadoop/common/lib/jetty-util-6.1.26.jar
7f5f91a32000-7f5f91a34000 r--s 00006000 08:02 273885                     /opt/hadoop-2.6.1/share/hadoop/common/lib/htrace-core-3.0.4.jar
7f5f91a34000-7f5f91a46000 r--s 00097000 08:02 273832                     /opt/hadoop-2.6.1/share/hadoop/common/lib/apacheds-kerberos-codec-2.0.0-M15.jar
7f5f91a46000-7f5f91a49000 r--s 0002b000 08:02 273880                     /opt/hadoop-2.6.1/share/hadoop/common/lib/jsch-0.1.42.jar
7f5f91a49000-7f5f91a52000 r--s 0006f000 08:02 273834                     /opt/hadoop-2.6.1/share/hadoop/common/lib/log4j-1.2.17.jar
7f5f91a52000-7f5f91a57000 r--s 0003e000 08:02 273874                     /opt/hadoop-2.6.1/share/hadoop/common/lib/commons-net-3.1.jar
7f5f91a57000-7f5f91a59000 r--s 00006000 08:02 273859                     /opt/hadoop-2.6.1/share/hadoop/common/lib/paranamer-2.3.jar
7f5f91a59000-7f5f91a60000 r--s 00044000 08:02 273866                     /opt/hadoop-2.6.1/share/hadoop/common/lib/avro-1.7.4.jar
7f5f91a60000-7f5f91a62000 r--s 00009000 08:02 273863                     /opt/hadoop-2.6.1/share/hadoop/common/lib/commons-cli-1.2.jar
7f5f91a62000-7f5f91a65000 r--s 00017000 08:02 273848                     /opt/hadoop-2.6.1/share/hadoop/common/lib/jaxb-api-2.2.2.jar
7f5f91a65000-7f5f91a66000 r--s 0000a000 08:02 273864                     /opt/hadoop-2.6.1/share/hadoop/common/lib/asm-3.2.jar
7f5f91a66000-7f5f91a6b000 r--s 0002a000 08:02 273851                     /opt/hadoop-2.6.1/share/hadoop/common/lib/gson-2.2.4.jar
7f5f91a6b000-7f5f91a7e000 r--s 000c7000 08:02 273868                     /opt/hadoop-2.6.1/share/hadoop/common/lib/jaxb-impl-2.2.3-1.jar
7f5f91a7e000-7f5f91a81000 r--s 00006000 08:02 273865                     /opt/hadoop-2.6.1/share/hadoop/common/lib/jsr305-1.3.9.jar
7f5f91a81000-7f5f91a83000 r--s 00003000 08:02 273852                     /opt/hadoop-2.6.1/share/hadoop/common/lib/hadoop-annotations-2.6.1.jar
7f5f91a83000-7f5f91a91000 r--s 0007f000 08:02 273888                     /opt/hadoop-2.6.1/share/hadoop/common/lib/commons-collections-3.2.1.jar
7f5f91a91000-7f5f91a93000 r--s 0000d000 08:02 273886                     /opt/hadoop-2.6.1/share/hadoop/common/lib/commons-codec-1.4.jar
7f5f91a93000-7f5f91a9a000 r--s 0007d000 08:02 273829                     /opt/hadoop-2.6.1/share/hadoop/common/lib/jetty-6.1.26.jar
7f5f91a9a000-7f5f91ab7000 r--s 0013e000 08:02 273847                     /opt/hadoop-2.6.1/share/hadoop/common/lib/mockito-all-1.8.5.jar
7f5f91ab7000-7f5f91abb000 r--s 00035000 08:02 273853                     /opt/hadoop-2.6.1/share/hadoop/common/lib/jackson-core-asl-1.9.13.jar
7f5f91abb000-7f5f91abf000 r--s 00014000 08:02 273839                     /opt/hadoop-2.6.1/share/hadoop/common/lib/xz-1.0.jar
7f5f91abf000-7f5f91ac0000 r--s 00004000 08:02 273862                     /opt/hadoop-2.6.1/share/hadoop/common/lib/jackson-jaxrs-1.9.13.jar
7f5f91ac0000-7f5f91ad7000 r--s 0010e000 08:02 273891                     /opt/hadoop-2.6.1/share/hadoop/common/lib/netty-3.6.2.Final.jar
7f5f91ad7000-7f5f91ae0000 r--s 00061000 08:02 273843                     /opt/hadoop-2.6.1/share/hadoop/common/lib/httpclient-4.2.5.jar
7f5f91ae0000-7f5f91aea000 r--s 00066000 08:02 273876                     /opt/hadoop-2.6.1/share/hadoop/common/lib/jersey-core-1.9.jar
7f5f91aea000-7f5f91aec000 r--s 00004000 08:02 273840                     /opt/hadoop-2.6.1/share/hadoop/common/lib/stax-api-1.0-2.jar
7f5f91aec000-7f5f91aee000 r--s 00001000 08:02 273831                     /opt/hadoop-2.6.1/share/hadoop/common/lib/slf4j-log4j12-1.7.5.jar
7f5f91aee000-7f5f91aef000 r--s 00004000 08:02 273827                     /opt/hadoop-2.6.1/share/hadoop/common/lib/java-xmlbuilder-0.4.jar
7f5f91aef000-7f5f91af1000 r--s 00011000 08:02 273887                     /opt/hadoop-2.6.1/share/hadoop/common/lib/jasper-runtime-5.5.23.jar
7f5f91af1000-7f5f91b12000 r--s 00172000 08:02 273850                     /opt/hadoop-2.6.1/share/hadoop/common/lib/guava-11.0.2.jar
7f5f91b12000-7f5f91b17000 r--s 0002a000 08:02 273854                     /opt/hadoop-2.6.1/share/hadoop/common/lib/commons-beanutils-1.7.0.jar
7f5f91b17000-7f5f91b18000 r--s 0000a000 08:02 273849                     /opt/hadoop-2.6.1/share/hadoop/common/lib/apacheds-i18n-2.0.0-M15.jar
7f5f91b18000-7f5f91b1d000 r--s 00041000 08:02 273884                     /opt/hadoop-2.6.1/share/hadoop/common/lib/commons-lang-2.6.jar
7f5f91b1d000-7f5f91b25000 r--s 0007b000 08:02 273833                     /opt/hadoop-2.6.1/share/hadoop/common/lib/protobuf-java-2.5.0.jar
7f5f91b25000-7f5f91b27000 r--s 0000f000 08:02 273838                     /opt/hadoop-2.6.1/share/hadoop/common/lib/curator-client-2.6.0.jar
7f5f91b27000-7f5f91b29000 r--s 00009000 08:02 273883                     /opt/hadoop-2.6.1/share/hadoop/common/lib/hamcrest-core-1.3.jar
7f5f91b29000-7f5f91b2e000 r--s 00036000 08:02 273875                     /opt/hadoop-2.6.1/share/hadoop/common/lib/commons-compress-1.4.1.jar
7f5f91b2e000-7f5f91b37000 r--s 0007b000 08:02 273841                     /opt/hadoop-2.6.1/share/hadoop/common/lib/jets3t-0.9.0.jar
7f5f91b37000-7f5f91b3d000 r--s 00043000 08:02 273858                     /opt/hadoop-2.6.1/share/hadoop/common/lib/commons-configuration-1.6.jar
7f5f91b3d000-7f5f91b3f000 r--s 000f2000 08:02 273836                     /opt/hadoop-2.6.1/share/hadoop/common/lib/snappy-java-1.0.4.1.jar
7f5f91b3f000-7f5f91b45000 r--s 00045000 08:02 273828                     /opt/hadoop-2.6.1/share/hadoop/common/lib/commons-httpclient-3.1.jar
7f5f91b45000-7f5f91b4b000 r--s 00028000 08:02 273870                     /opt/hadoop-2.6.1/share/hadoop/common/lib/curator-framework-2.6.0.jar
7f5f91b4b000-7f5f91b57000 r--s 000b6000 08:02 273857                     /opt/hadoop-2.6.1/share/hadoop/common/lib/zookeeper-3.4.6.jar
7f5f91b57000-7f5f91b65000 r--s 000b1000 08:02 273871                     /opt/hadoop-2.6.1/share/hadoop/common/lib/jackson-mapper-asl-1.9.13.jar
7f5f91b65000-7f5f91b67000 r--s 00018000 08:02 273877                     /opt/hadoop-2.6.1/share/hadoop/common/lib/servlet-api-2.5.jar
7f5f91b67000-7f5f91b80000 r--s 00159000 08:02 273392                     /opt/hadoop-2.6.1/share/hadoop/mapreduce/hadoop-mapreduce-client-core-2.6.1.jar
7f5f91b80000-7f5f91b81000 r--s 00000000 08:02 273393                     /opt/hadoop-2.6.1/share/hadoop/mapreduce/hadoop-mapreduce-client-hs-plugins-2.6.1.jar
7f5f91b81000-7f5f91b8b000 r--s 00072000 08:02 273388                     /opt/hadoop-2.6.1/share/hadoop/mapreduce/hadoop-mapreduce-client-app-2.6.1.jar
7f5f91b8b000-7f5f91b97000 r--s 00097000 08:02 273387                     /opt/hadoop-2.6.1/share/hadoop/mapreduce/hadoop-mapreduce-client-common-2.6.1.jar
7f5f91b97000-7f5f91b9c000 r--s 00035000 08:02 273413                     /opt/hadoop-2.6.1/share/hadoop/mapreduce/hadoop-mapreduce-client-hs-2.6.1.jar
7f5f91b9c000-7f5f91b9e000 r--s 00008000 08:02 273414                     /opt/hadoop-2.6.1/share/hadoop/mapreduce/hadoop-mapreduce-client-jobclient-2.6.1.jar
7f5f91b9e000-7f5f91b9f000 r--s 0000a000 08:02 273394                     /opt/hadoop-2.6.1/share/hadoop/mapreduce/hadoop-mapreduce-client-shuffle-2.6.1.jar
7f5f91b9f000-7f5f91ba0000 r--s 00000000 08:02 273379                     /opt/hadoop-2.6.1/share/hadoop/mapreduce/lib/javax.inject-1.jar
7f5f91ba0000-7f5f91ba2000 r--s 00000000 08:02 273376                     /opt/hadoop-2.6.1/share/hadoop/mapreduce/lib/aopalliance-1.0.jar
7f5f91ba2000-7f5f91ba6000 r--s 0002a000 08:02 273385                     /opt/hadoop-2.6.1/share/hadoop/mapreduce/lib/commons-io-2.4.jar
7f5f91ba6000-7f5f91bac000 r--s 00036000 08:02 273378                     /opt/hadoop-2.6.1/share/hadoop/mapreduce/lib/junit-4.11.jar
7f5f91bac000-7f5f91bbe000 r--s 0009d000 08:02 273374                     /opt/hadoop-2.6.1/share/hadoop/mapreduce/lib/jersey-server-1.9.jar
7f5f91bbe000-7f5f91bbf000 r--s 00003000 08:02 273365                     /opt/hadoop-2.6.1/share/hadoop/mapreduce/lib/jersey-guice-1.9.jar
7f5f91bbf000-7f5f91bc8000 r--s 0006f000 08:02 273367                     /opt/hadoop-2.6.1/share/hadoop/mapreduce/lib/log4j-1.2.17.jar
7f5f91bc8000-7f5f91bca000 r--s 00006000 08:02 273373                     /opt/hadoop-2.6.1/share/hadoop/mapreduce/lib/paranamer-2.3.jar
7f5f91bca000-7f5f91bd1000 r--s 00044000 08:02 273377                     /opt/hadoop-2.6.1/share/hadoop/mapreduce/lib/avro-1.7.4.jar
7f5f91bd1000-7f5f91bd2000 r--s 0000a000 08:02 273375                     /opt/hadoop-2.6.1/share/hadoop/mapreduce/lib/asm-3.2.jar
7f5f91bd2000-7f5f91bd4000 r--s 00003000 08:02 273371                     /opt/hadoop-2.6.1/share/hadoop/mapreduce/lib/hadoop-annotations-2.6.1.jar
7f5f91bd4000-7f5f91bd8000 r--s 00035000 08:02 273372                     /opt/hadoop-2.6.1/share/hadoop/mapreduce/lib/jackson-core-asl-1.9.13.jar
7f5f91bd8000-7f5f91bdc000 r--s 00014000 08:02 273369                     /opt/hadoop-2.6.1/share/hadoop/mapreduce/lib/xz-1.0.jar
7f5f91bdc000-7f5f91bf3000 r--s 0010e000 08:02 273386                     /opt/hadoop-2.6.1/share/hadoop/mapreduce/lib/netty-3.6.2.Final.jar
7f5f91bf3000-7f5f91bfd000 r--s 00066000 08:02 273382                     /opt/hadoop-2.6.1/share/hadoop/mapreduce/lib/jersey-core-1.9.jar
7f5f91bfd000-7f5f91c00000 r--s 000fd000 08:02 273364                     /opt/hadoop-2.6.1/share/hadoop/mapreduce/lib/leveldbjni-all-1.8.jar
7f5f91c00000-7f5f91c08000 r--s 0007b000 08:02 273366                     /opt/hadoop-2.6.1/share/hadoop/mapreduce/lib/protobuf-java-2.5.0.jar
7f5f91c08000-7f5f91c0a000 r--s 00009000 08:02 273384                     /opt/hadoop-2.6.1/share/hadoop/mapreduce/lib/hamcrest-core-1.3.jar
7f5f91c0a000-7f5f91c0f000 r--s 00036000 08:02 273381                     /opt/hadoop-2.6.1/share/hadoop/mapreduce/lib/commons-compress-1.4.1.jar
7f5f91c0f000-7f5f91c11000 r--s 000f2000 08:02 273368                     /opt/hadoop-2.6.1/share/hadoop/mapreduce/lib/snappy-java-1.0.4.1.jar
7f5f91c11000-7f5f91c20000 r--s 0009f000 08:02 273383                     /opt/hadoop-2.6.1/share/hadoop/mapreduce/lib/guice-3.0.jar
7f5f91c20000-7f5f91c2e000 r--s 000b1000 08:02 273380                     /opt/hadoop-2.6.1/share/hadoop/mapreduce/lib/jackson-mapper-asl-1.9.13.jar
7f5f91c2e000-7f5f91c30000 r--s 0000e000 08:02 273370                     /opt/hadoop-2.6.1/share/hadoop/mapreduce/lib/guice-servlet-3.0.jar
7f5f91c30000-7f5f91c97000 r--s 00726000 08:02 154081                     /opt/hadoop-2.6.1/share/hadoop/hdfs/hadoop-hdfs-2.6.1.jar
7f5f91c97000-7f5f91c99000 r--s 00016000 08:02 154043                     /opt/hadoop-2.6.1/share/hadoop/hdfs/hadoop-hdfs-nfs-2.6.1.jar
7f5f91c99000-7f5f91c9a000 r--s 00003000 08:02 154045                     /opt/hadoop-2.6.1/share/hadoop/hdfs/lib/xmlenc-0.52.jar
7f5f91c9a000-7f5f91c9d000 r--s 00016000 08:02 154063                     /opt/hadoop-2.6.1/share/hadoop/hdfs/lib/jsp-api-2.1.jar
7f5f91c9d000-7f5f91c9f000 r--s 0000e000 08:02 154049                     /opt/hadoop-2.6.1/share/hadoop/hdfs/lib/commons-logging-1.1.3.jar
7f5f91c9f000-7f5f91ca3000 r--s 0002a000 08:02 154069                     /opt/hadoop-2.6.1/share/hadoop/hdfs/lib/commons-io-2.4.jar
7f5f91ca3000-7f5f91cb5000 r--s 0009d000 08:02 154054                     /opt/hadoop-2.6.1/share/hadoop/hdfs/lib/jersey-server-1.9.jar
7f5f91cb5000-7f5f91cb8000 r--s 00019000 08:02 154050                     /opt/hadoop-2.6.1/share/hadoop/hdfs/lib/commons-el-1.0.jar
7f5f91cb8000-7f5f91cbc000 r--s 00028000 08:02 154053                     /opt/hadoop-2.6.1/share/hadoop/hdfs/lib/jetty-util-6.1.26.jar
7f5f91cbc000-7f5f91cbe000 r--s 00006000 08:02 154065                     /opt/hadoop-2.6.1/share/hadoop/hdfs/lib/htrace-core-3.0.4.jar
7f5f91cbe000-7f5f91cc7000 r--s 0006f000 08:02 154048                     /opt/hadoop-2.6.1/share/hadoop/hdfs/lib/log4j-1.2.17.jar
7f5f91cc7000-7f5f91cc9000 r--s 00009000 08:02 154055                     /opt/hadoop-2.6.1/share/hadoop/hdfs/lib/commons-cli-1.2.jar
7f5f91cc9000-7f5f91cca000 r--s 0000a000 08:02 154056                     /opt/hadoop-2.6.1/share/hadoop/hdfs/lib/asm-3.2.jar
7f5f91cca000-7f5f91ccd000 r--s 00006000 08:02 154057                     /opt/hadoop-2.6.1/share/hadoop/hdfs/lib/jsr305-1.3.9.jar
7f5f91ccd000-7f5f91ccf000 r--s 0000d000 08:02 154066                     /opt/hadoop-2.6.1/share/hadoop/hdfs/lib/commons-codec-1.4.jar
7f5f91ccf000-7f5f91cd6000 r--s 0007d000 08:02 154046                     /opt/hadoop-2.6.1/share/hadoop/hdfs/lib/jetty-6.1.26.jar
7f5f91cd6000-7f5f91cda000 r--s 00035000 08:02 154052                     /opt/hadoop-2.6.1/share/hadoop/hdfs/lib/jackson-core-asl-1.9.13.jar
7f5f91cda000-7f5f91cf1000 r--s 0010e000 08:02 154070                     /opt/hadoop-2.6.1/share/hadoop/hdfs/lib/netty-3.6.2.Final.jar
7f5f91cf1000-7f5f91cfb000 r--s 00066000 08:02 154061                     /opt/hadoop-2.6.1/share/hadoop/hdfs/lib/jersey-core-1.9.jar
7f5f91cfb000-7f5f91cfd000 r--s 00011000 08:02 154067                     /opt/hadoop-2.6.1/share/hadoop/hdfs/lib/jasper-runtime-5.5.23.jar
7f5f91cfd000-7f5f91d1e000 r--s 00172000 08:02 154051                     /opt/hadoop-2.6.1/share/hadoop/hdfs/lib/guava-11.0.2.jar
7f5f91d1e000-7f5f91d23000 r--s 00041000 08:02 154064                     /opt/hadoop-2.6.1/share/hadoop/hdfs/lib/commons-lang-2.6.jar
7f5f91d23000-7f5f91d2b000 r--s 0007b000 08:02 154047                     /opt/hadoop-2.6.1/share/hadoop/hdfs/lib/protobuf-java-2.5.0.jar
7f5f91d2b000-7f5f91d43000 r--s 00115000 08:02 154068                     /opt/hadoop-2.6.1/share/hadoop/hdfs/lib/xercesImpl-2.9.1.jar
7f5f91d43000-7f5f91d44000 r--s 00005000 08:02 154058                     /opt/hadoop-2.6.1/share/hadoop/hdfs/lib/commons-daemon-1.0.13.jar
7f5f91d44000-7f5f91d4c000 r--s 00028000 08:02 154059                     /opt/hadoop-2.6.1/share/hadoop/hdfs/lib/xml-apis-1.3.04.jar
7f5f91d4c000-7f5f91d5a000 r--s 000b1000 08:02 154060                     /opt/hadoop-2.6.1/share/hadoop/hdfs/lib/jackson-mapper-asl-1.9.13.jar
7f5f91d5a000-7f5f91d5c000 r--s 00018000 08:02 154062                     /opt/hadoop-2.6.1/share/hadoop/hdfs/lib/servlet-api-2.5.jar
7f5f91d5c000-7f5f91d73000 r--s 00171000 08:02 154008                     /opt/hadoop-2.6.1/share/hadoop/yarn/hadoop-yarn-common-2.6.1.jar
7f5f91d73000-7f5f91d76000 r--s 0001d000 08:02 154011                     /opt/hadoop-2.6.1/share/hadoop/yarn/hadoop-yarn-client-2.6.1.jar
7f5f91d76000-7f5f91d83000 r--s 00090000 08:02 154014                     /opt/hadoop-2.6.1/share/hadoop/yarn/hadoop-yarn-server-nodemanager-2.6.1.jar
7f5f91d83000-7f5f91d84000 r--s 00003000 08:02 154012                     /opt/hadoop-2.6.1/share/hadoop/yarn/hadoop-yarn-applications-unmanaged-am-launcher-2.6.1.jar
7f5f91d84000-7f5f91d86000 r--s 0000a000 08:02 154038                     /opt/hadoop-2.6.1/share/hadoop/yarn/hadoop-yarn-applications-distributedshell-2.6.1.jar
7f5f91d86000-7f5f91d89000 r--s 00015000 08:02 154039                     /opt/hadoop-2.6.1/share/hadoop/yarn/hadoop-yarn-registry-2.6.1.jar
7f5f91d89000-7f5f91d8b000 r--s 00006000 08:02 154037                     /opt/hadoop-2.6.1/share/hadoop/yarn/hadoop-yarn-server-web-proxy-2.6.1.jar
7f5f91d8b000-7f5f91da5000 r--s 001af000 08:02 153967                     /opt/hadoop-2.6.1/share/hadoop/yarn/hadoop-yarn-api-2.6.1.jar
7f5f91da5000-7f5f91dab000 r--s 00043000 08:02 154040                     /opt/hadoop-2.6.1/share/hadoop/yarn/hadoop-yarn-server-common-2.6.1.jar
7f5f91dab000-7f5f91dbf000 r--s 00107000 08:02 153966                     /opt/hadoop-2.6.1/share/hadoop/yarn/hadoop-yarn-server-resourcemanager-2.6.1.jar
7f5f91dbf000-7f5f91dc3000 r--s 00025000 08:02 154041                     /opt/hadoop-2.6.1/share/hadoop/yarn/hadoop-yarn-server-applicationhistoryservice-2.6.1.jar
7f5f91dc3000-7f5f91dc4000 r--s 00000000 08:02 153993                     /opt/hadoop-2.6.1/share/hadoop/yarn/lib/javax.inject-1.jar
7f5f91dc4000-7f5f91dc8000 r--s 00021000 08:02 153997                     /opt/hadoop-2.6.1/share/hadoop/yarn/lib/jersey-json-1.9.jar
7f5f91dc8000-7f5f91dca000 r--s 0000e000 08:02 153978                     /opt/hadoop-2.6.1/share/hadoop/yarn/lib/commons-logging-1.1.3.jar
7f5f91dca000-7f5f91dcc000 r--s 0000f000 08:02 153975                     /opt/hadoop-2.6.1/share/hadoop/yarn/lib/jettison-1.1.jar
7f5f91dcc000-7f5f91dce000 r--s 00000000 08:02 153991                     /opt/hadoop-2.6.1/share/hadoop/yarn/lib/aopalliance-1.0.jar
7f5f91dce000-7f5f91dd2000 r--s 0002a000 08:02 154006                     /opt/hadoop-2.6.1/share/hadoop/yarn/lib/commons-io-2.4.jar
7f5f91dd2000-7f5f91dd3000 r--s 00006000 08:02 153994                     /opt/hadoop-2.6.1/share/hadoop/yarn/lib/jackson-xc-1.9.13.jar
7f5f91dd3000-7f5f91dd6000 r--s 0001d000 08:02 153996                     /opt/hadoop-2.6.1/share/hadoop/yarn/lib/jersey-client-1.9.jar
7f5f91dd6000-7f5f91de8000 r--s 0009d000 08:02 153986                     /opt/hadoop-2.6.1/share/hadoop/yarn/lib/jersey-server-1.9.jar
7f5f91de8000-7f5f91de9000 r--s 00003000 08:02 153970                     /opt/hadoop-2.6.1/share/hadoop/yarn/lib/jersey-guice-1.9.jar
7f5f91de9000-7f5f91deb000 r--s 0000e000 08:02 154002                     /opt/hadoop-2.6.1/share/hadoop/yarn/lib/activation-1.1.jar
7f5f91deb000-7f5f91def000 r--s 00028000 08:02 153983                     /opt/hadoop-2.6.1/share/hadoop/yarn/lib/jetty-util-6.1.26.jar
7f5f91def000-7f5f91df8000 r--s 0006f000 08:02 153974                     /opt/hadoop-2.6.1/share/hadoop/yarn/lib/log4j-1.2.17.jar
7f5f91df8000-7f5f91dfa000 r--s 00009000 08:02 153988                     /opt/hadoop-2.6.1/share/hadoop/yarn/lib/commons-cli-1.2.jar
7f5f91dfa000-7f5f91dfd000 r--s 00017000 08:02 153979                     /opt/hadoop-2.6.1/share/hadoop/yarn/lib/jaxb-api-2.2.2.jar
7f5f91dfd000-7f5f91dfe000 r--s 0000a000 08:02 153989                     /opt/hadoop-2.6.1/share/hadoop/yarn/lib/asm-3.2.jar
7f5f91dfe000-7f5f91e11000 r--s 000c7000 08:02 153992                     /opt/hadoop-2.6.1/share/hadoop/yarn/lib/jaxb-impl-2.2.3-1.jar
7f5f91e11000-7f5f91e14000 r--s 00006000 08:02 153990                     /opt/hadoop-2.6.1/share/hadoop/yarn/lib/jsr305-1.3.9.jar
7f5f91e14000-7f5f91e22000 r--s 0007f000 08:02 154005                     /opt/hadoop-2.6.1/share/hadoop/yarn/lib/commons-collections-3.2.1.jar
7f5f91e22000-7f5f91e24000 r--s 0000d000 08:02 154004                     /opt/hadoop-2.6.1/share/hadoop/yarn/lib/commons-codec-1.4.jar
7f5f91e24000-7f5f91e2b000 r--s 0007d000 08:02 153972                     /opt/hadoop-2.6.1/share/hadoop/yarn/lib/jetty-6.1.26.jar
7f5f91e2b000-7f5f91e42000 r--s 0010e000 08:02 154007                     /opt/hadoop-2.6.1/share/hadoop/yarn/lib/netty-3.6.2.Final.jar
7f5f91e42000-7f5f91e4c000 r--s 00066000 08:02 153999                     /opt/hadoop-2.6.1/share/hadoop/yarn/lib/jersey-core-1.9.jar
7f5f91e4c000-7f5f91e6d000 r--s 00172000 08:02 153981                     /opt/hadoop-2.6.1/share/hadoop/yarn/lib/guava-11.0.2.jar
7f5f91e6d000-7f5f91e6e000 ---p 00000000 00:00 0 
7f5f91e6e000-7f5f91f6e000 rw-p 00000000 00:00 0 
7f5f91f6e000-7f5f91f71000 ---p 00000000 00:00 0 
7f5f91f71000-7f5f9206f000 rw-p 00000000 00:00 0 
7f5f9206f000-7f5f92072000 ---p 00000000 00:00 0 
7f5f92072000-7f5f92170000 rw-p 00000000 00:00 0 
7f5f92170000-7f5f98000000 r--p 00000000 08:02 132208                     /usr/lib/locale/locale-archive
7f5f98000000-7f5f98021000 rw-p 00000000 00:00 0 
7f5f98021000-7f5f9c000000 ---p 00000000 00:00 0 
7f5f9c000000-7f5f9c046000 rw-p 00000000 00:00 0 
7f5f9c046000-7f5fa0000000 ---p 00000000 00:00 0 
7f5fa0000000-7f5fa02dc000 rw-p 00000000 00:00 0 
7f5fa02dc000-7f5fa4000000 ---p 00000000 00:00 0 
7f5fa4000000-7f5fa4003000 r--s 0001a000 08:02 280201                     /opt/jdk1.8.0_111/jre/lib/jce.jar
7f5fa4003000-7f5fa4006000 ---p 00000000 00:00 0 
7f5fa4006000-7f5fa4104000 rw-p 00000000 00:00 0 
7f5fa4104000-7f5fa4107000 ---p 00000000 00:00 0 
7f5fa4107000-7f5fa4205000 rw-p 00000000 00:00 0 
7f5fa4205000-7f5fa4208000 ---p 00000000 00:00 0 
7f5fa4208000-7f5fa4306000 rw-p 00000000 00:00 0 
7f5fa4306000-7f5fa4309000 ---p 00000000 00:00 0 
7f5fa4309000-7f5fa4407000 rw-p 00000000 00:00 0 
7f5fa4407000-7f5fa4408000 ---p 00000000 00:00 0 
7f5fa4408000-7f5fa4557000 rw-p 00000000 00:00 0 
7f5fa4557000-7f5fa472f000 r--s 03d2a000 08:02 279954                     /opt/jdk1.8.0_111/jre/lib/rt.jar
7f5fa472f000-7f5fa5000000 rw-p 00000000 00:00 0 
7f5fa5000000-7f5fa5570000 rwxp 00000000 00:00 0 
7f5fa5570000-7f5fb4000000 ---p 00000000 00:00 0 
7f5fb4000000-7f5fb4dee000 rw-p 00000000 00:00 0 
7f5fb4dee000-7f5fb8000000 ---p 00000000 00:00 0 
7f5fb8000000-7f5fb8004000 r--s 00035000 08:02 153982                     /opt/hadoop-2.6.1/share/hadoop/yarn/lib/jackson-core-asl-1.9.13.jar
7f5fb8004000-7f5fb8008000 r--s 00014000 08:02 153976                     /opt/hadoop-2.6.1/share/hadoop/yarn/lib/xz-1.0.jar
7f5fb8008000-7f5fb800a000 r--s 00004000 08:02 153977                     /opt/hadoop-2.6.1/share/hadoop/yarn/lib/stax-api-1.0-2.jar
7f5fb800a000-7f5fb800d000 r--s 000fd000 08:02 153969                     /opt/hadoop-2.6.1/share/hadoop/yarn/lib/leveldbjni-all-1.8.jar
7f5fb800d000-7f5fb8012000 r--s 00041000 08:02 154003                     /opt/hadoop-2.6.1/share/hadoop/yarn/lib/commons-lang-2.6.jar
7f5fb8012000-7f5fb801a000 r--s 0007b000 08:02 153973                     /opt/hadoop-2.6.1/share/hadoop/yarn/lib/protobuf-java-2.5.0.jar
7f5fb801a000-7f5fb8020000 r--s 00045000 08:02 153971                     /opt/hadoop-2.6.1/share/hadoop/yarn/lib/commons-httpclient-3.1.jar
7f5fb8020000-7f5fb802f000 r--s 0009f000 08:02 154000                     /opt/hadoop-2.6.1/share/hadoop/yarn/lib/guice-3.0.jar
7f5fb802f000-7f5fb803b000 r--s 000b6000 08:02 153984                     /opt/hadoop-2.6.1/share/hadoop/yarn/lib/zookeeper-3.4.6.jar
7f5fb803b000-7f5fb8049000 r--s 000b1000 08:02 153995                     /opt/hadoop-2.6.1/share/hadoop/yarn/lib/jackson-mapper-asl-1.9.13.jar
7f5fb8049000-7f5fb8052000 rw-p 00000000 00:00 0 
7f5fb8052000-7f5fb80c6000 ---p 00000000 00:00 0 
7f5fb80c6000-7f5fb80dc000 rw-p 00000000 00:00 0 
7f5fb80dc000-7f5fb8486000 ---p 00000000 00:00 0 
7f5fb8486000-7f5fb84a0000 r-xp 00000000 08:02 279985                     /opt/jdk1.8.0_111/jre/lib/amd64/libzip.so
7f5fb84a0000-7f5fb86a0000 ---p 0001a000 08:02 279985                     /opt/jdk1.8.0_111/jre/lib/amd64/libzip.so
7f5fb86a0000-7f5fb86a1000 rw-p 0001a000 08:02 279985                     /opt/jdk1.8.0_111/jre/lib/amd64/libzip.so
7f5fb86a1000-7f5fb86ad000 r-xp 00000000 08:02 132235                     /lib64/libnss_files-2.12.so
7f5fb86ad000-7f5fb88ad000 ---p 0000c000 08:02 132235                     /lib64/libnss_files-2.12.so
7f5fb88ad000-7f5fb88ae000 r--p 0000c000 08:02 132235                     /lib64/libnss_files-2.12.so
7f5fb88ae000-7f5fb88af000 rw-p 0000d000 08:02 132235                     /lib64/libnss_files-2.12.so
7f5fb88af000-7f5fb88da000 r-xp 00000000 08:02 280012                     /opt/jdk1.8.0_111/jre/lib/amd64/libjava.so
7f5fb88da000-7f5fb8ad9000 ---p 0002b000 08:02 280012                     /opt/jdk1.8.0_111/jre/lib/amd64/libjava.so
7f5fb8ad9000-7f5fb8adb000 rw-p 0002a000 08:02 280012                     /opt/jdk1.8.0_111/jre/lib/amd64/libjava.so
7f5fb8adb000-7f5fb8ae8000 r-xp 00000000 08:02 279963                     /opt/jdk1.8.0_111/jre/lib/amd64/libverify.so
7f5fb8ae8000-7f5fb8ce7000 ---p 0000d000 08:02 279963                     /opt/jdk1.8.0_111/jre/lib/amd64/libverify.so
7f5fb8ce7000-7f5fb8ce9000 rw-p 0000c000 08:02 279963                     /opt/jdk1.8.0_111/jre/lib/amd64/libverify.so
7f5fb8ce9000-7f5fb8cf0000 r-xp 00000000 08:02 132247                     /lib64/librt-2.12.so
7f5fb8cf0000-7f5fb8eef000 ---p 00007000 08:02 132247                     /lib64/librt-2.12.so
7f5fb8eef000-7f5fb8ef0000 r--p 00006000 08:02 132247                     /lib64/librt-2.12.so
7f5fb8ef0000-7f5fb8ef1000 rw-p 00007000 08:02 132247                     /lib64/librt-2.12.so
7f5fb8ef1000-7f5fb8f74000 r-xp 00000000 08:02 132227                     /lib64/libm-2.12.so
7f5fb8f74000-7f5fb9173000 ---p 00083000 08:02 132227                     /lib64/libm-2.12.so
7f5fb9173000-7f5fb9174000 r--p 00082000 08:02 132227                     /lib64/libm-2.12.so
7f5fb9174000-7f5fb9175000 rw-p 00083000 08:02 132227                     /lib64/libm-2.12.so
7f5fb9175000-7f5fb9e42000 r-xp 00000000 08:02 280016                     /opt/jdk1.8.0_111/jre/lib/amd64/server/libjvm.so
7f5fb9e42000-7f5fba041000 ---p 00ccd000 08:02 280016                     /opt/jdk1.8.0_111/jre/lib/amd64/server/libjvm.so
7f5fba041000-7f5fba11a000 rw-p 00ccc000 08:02 280016                     /opt/jdk1.8.0_111/jre/lib/amd64/server/libjvm.so
7f5fba11a000-7f5fba165000 rw-p 00000000 00:00 0 
7f5fba165000-7f5fba2ee000 r-xp 00000000 08:02 132219                     /lib64/libc-2.12.so
7f5fba2ee000-7f5fba4ed000 ---p 00189000 08:02 132219                     /lib64/libc-2.12.so
7f5fba4ed000-7f5fba4f1000 r--p 00188000 08:02 132219                     /lib64/libc-2.12.so
7f5fba4f1000-7f5fba4f2000 rw-p 0018c000 08:02 132219                     /lib64/libc-2.12.so
7f5fba4f2000-7f5fba4f7000 rw-p 00000000 00:00 0 
7f5fba4f7000-7f5fba4f9000 r-xp 00000000 08:02 132225                     /lib64/libdl-2.12.so
7f5fba4f9000-7f5fba6f9000 ---p 00002000 08:02 132225                     /lib64/libdl-2.12.so
7f5fba6f9000-7f5fba6fa000 r--p 00002000 08:02 132225                     /lib64/libdl-2.12.so
7f5fba6fa000-7f5fba6fb000 rw-p 00003000 08:02 132225                     /lib64/libdl-2.12.so
7f5fba6fb000-7f5fba710000 r-xp 00000000 08:02 159650                     /opt/jdk1.8.0_111/lib/amd64/jli/libjli.so
7f5fba710000-7f5fba910000 ---p 00015000 08:02 159650                     /opt/jdk1.8.0_111/lib/amd64/jli/libjli.so
7f5fba910000-7f5fba911000 rw-p 00015000 08:02 159650                     /opt/jdk1.8.0_111/lib/amd64/jli/libjli.so
7f5fba911000-7f5fba928000 r-xp 00000000 08:02 132243                     /lib64/libpthread-2.12.so
7f5fba928000-7f5fbab28000 ---p 00017000 08:02 132243                     /lib64/libpthread-2.12.so
7f5fbab28000-7f5fbab29000 r--p 00017000 08:02 132243                     /lib64/libpthread-2.12.so
7f5fbab29000-7f5fbab2a000 rw-p 00018000 08:02 132243                     /lib64/libpthread-2.12.so
7f5fbab2a000-7f5fbab2e000 rw-p 00000000 00:00 0 
7f5fbab2e000-7f5fbab4e000 r-xp 00000000 08:02 132212                     /lib64/ld-2.12.so
7f5fbab4e000-7f5fbab50000 r--s 00014000 08:02 153985                     /opt/hadoop-2.6.1/share/hadoop/yarn/lib/jline-0.9.94.jar
7f5fbab50000-7f5fbab55000 r--s 00036000 08:02 153998                     /opt/hadoop-2.6.1/share/hadoop/yarn/lib/commons-compress-1.4.1.jar
7f5fbab55000-7f5fbab57000 r--s 00018000 08:02 154001                     /opt/hadoop-2.6.1/share/hadoop/yarn/lib/servlet-api-2.5.jar
7f5fbab57000-7f5fbab59000 r--s 0000e000 08:02 153980                     /opt/hadoop-2.6.1/share/hadoop/yarn/lib/guice-servlet-3.0.jar
7f5fbab59000-7f5fbab86000 rw-p 00000000 00:00 0 
7f5fbab86000-7f5fbabbf000 ---p 00000000 00:00 0 
7f5fbabbf000-7f5fbabc7000 rw-p 00000000 00:00 0 
7f5fbabc7000-7f5fbac3b000 ---p 00000000 00:00 0 
7f5fbac3b000-7f5fbac3c000 rw-p 00000000 00:00 0 
7f5fbac3c000-7f5fbac3f000 ---p 00000000 00:00 0 
7f5fbac3f000-7f5fbad41000 rw-p 00000000 00:00 0 
7f5fbad41000-7f5fbad42000 r--s 00004000 08:02 153987                     /opt/hadoop-2.6.1/share/hadoop/yarn/lib/jackson-jaxrs-1.9.13.jar
7f5fbad42000-7f5fbad4a000 rw-s 00000000 08:02 286367                     /tmp/hsperfdata_root/9560
7f5fbad4a000-7f5fbad4b000 rw-p 00000000 00:00 0 
7f5fbad4b000-7f5fbad4c000 ---p 00000000 00:00 0 
7f5fbad4c000-7f5fbad4d000 rw-p 00000000 00:00 0 
7f5fbad4d000-7f5fbad4e000 r--p 0001f000 08:02 132212                     /lib64/ld-2.12.so
7f5fbad4e000-7f5fbad4f000 rw-p 00020000 08:02 132212                     /lib64/ld-2.12.so
7f5fbad4f000-7f5fbad50000 rw-p 00000000 00:00 0 
7fff1459f000-7fff145b7000 rw-p 00000000 00:00 0                          [stack]
7fff145ff000-7fff14600000 r-xp 00000000 00:00 0                          [vdso]
ffffffffff600000-ffffffffff601000 r-xp 00000000 00:00 0                  [vsyscall]

VM Arguments:
jvm_args: -Dfile.encoding=UTF-8 
java_command: com.main.TopKMain
java_class_path (initial): /home/hadoop/eclipse-workspace/HomeWork/bin:/opt/hadoop-2.6.1/share/hadoop/yarn/lib/guice-servlet-3.0.jar:/opt/hadoop-2.6.1/share/hadoop/yarn/lib/servlet-api-2.5.jar:/opt/hadoop-2.6.1/share/hadoop/yarn/lib/jackson-mapper-asl-1.9.13.jar:/opt/hadoop-2.6.1/share/hadoop/yarn/lib/zookeeper-3.4.6.jar:/opt/hadoop-2.6.1/share/hadoop/yarn/lib/guice-3.0.jar:/opt/hadoop-2.6.1/share/hadoop/yarn/lib/commons-httpclient-3.1.jar:/opt/hadoop-2.6.1/share/hadoop/yarn/lib/commons-compress-1.4.1.jar:/opt/hadoop-2.6.1/share/hadoop/yarn/lib/protobuf-java-2.5.0.jar:/opt/hadoop-2.6.1/share/hadoop/yarn/lib/commons-lang-2.6.jar:/opt/hadoop-2.6.1/share/hadoop/yarn/lib/guava-11.0.2.jar:/opt/hadoop-2.6.1/share/hadoop/yarn/lib/leveldbjni-all-1.8.jar:/opt/hadoop-2.6.1/share/hadoop/yarn/lib/stax-api-1.0-2.jar:/opt/hadoop-2.6.1/share/hadoop/yarn/lib/jersey-core-1.9.jar:/opt/hadoop-2.6.1/share/hadoop/yarn/lib/netty-3.6.2.Final.jar:/opt/hadoop-2.6.1/share/hadoop/yarn/lib/jackson-jaxrs-1.9.13.jar:/opt/hadoop-2.6.1/share/hadoop/yarn/lib/xz-1.0.jar:/opt/hadoop-2.6.1/share/hadoop/yarn/lib/jackson-core-asl-1.9.13.jar:/opt/hadoop-2.6.1/share/hadoop/yarn/lib/jline-0.9.94.jar:/opt/hadoop-2.6.1/share/hadoop/yarn/lib/jetty-6.1.26.jar:/opt/hadoop-2.6.1/share/hadoop/yarn/lib/commons-codec-1.4.jar:/opt/hadoop-2.6.1/share/hadoop/yarn/lib/commons-collections-3.2.1.jar:/opt/hadoop-2.6.1/share/hadoop/yarn/lib/jsr305-1.3.9.jar:/opt/hadoop-2.6.1/share/hadoop/yarn/lib/jaxb-impl-2.2.3-1.jar:/opt/hadoop-2.6.1/share/hadoop/yarn/lib/asm-3.2.jar:/opt/hadoop-2.6.1/share/hadoop/yarn/lib/jaxb-api-2.2.2.jar:/opt/hadoop-2.6.1/share/hadoop/yarn/lib/commons-cli-1.2.jar:/opt/hadoop-2.6.1/share/hadoop/yarn/lib/log4j-1.2.17.jar:/opt/hadoop-2.6.1/share/hadoop/yarn/lib/jetty-util-6.1.26.jar:/opt/hadoop-2.6.1/share/hadoop/yarn/lib/activation-1.1.jar:/opt/hadoop-2.6.1/share/hadoop/yarn/lib/jersey-guice-1.9.jar:/opt/hadoop-2.6.1/share/hadoop/yarn/lib/jersey-server-1.9.jar:/opt/hadoop-2.6.1/share/hadoop/yarn/lib/
Launcher Type: SUN_STANDARD

Environment Variables:
JAVA_HOME=/opt/jdk1.8.0_111
PATH=/opt/hbase-1.1.12/bin:/usr/local/sbin:/usr/local/bin:/sbin:/bin:/usr/sbin:/usr/bin:/opt/jdk1.8.0_111/bin:/opt/hadoop-2.6.1/bin:/opt/hadoop-2.6.1/sbin:/opt/apache-hive-2.0.0-bin/bin:/opt/sqoop-1.4.5.bin__hadoop-2.0.4-alpha/bin:/root/bin
SHELL=/bin/bash
DISPLAY=:0.0

Signal Handlers:
SIGSEGV: [libjvm.so+0xac64b0], sa_mask[0]=11111111011111111101111111111110, sa_flags=SA_RESTART|SA_SIGINFO
SIGBUS: [libjvm.so+0xac64b0], sa_mask[0]=11111111011111111101111111111110, sa_flags=SA_RESTART|SA_SIGINFO
SIGFPE: [libjvm.so+0x91f950], sa_mask[0]=11111111011111111101111111111110, sa_flags=SA_RESTART|SA_SIGINFO
SIGPIPE: [libjvm.so+0x91f950], sa_mask[0]=11111111011111111101111111111110, sa_flags=SA_RESTART|SA_SIGINFO
SIGXFSZ: [libjvm.so+0x91f950], sa_mask[0]=11111111011111111101111111111110, sa_flags=SA_RESTART|SA_SIGINFO
SIGILL: [libjvm.so+0x91f950], sa_mask[0]=11111111011111111101111111111110, sa_flags=SA_RESTART|SA_SIGINFO
SIGUSR1: SIG_DFL, sa_mask[0]=00000000000000000000000000000000, sa_flags=none
SIGUSR2: [libjvm.so+0x920f80], sa_mask[0]=00100000000000000000000000000000, sa_flags=SA_RESTART|SA_SIGINFO
SIGHUP: [libjvm.so+0x922380], sa_mask[0]=11111111011111111101111111111110, sa_flags=SA_RESTART|SA_SIGINFO
SIGINT: [libjvm.so+0x922380], sa_mask[0]=11111111011111111101111111111110, sa_flags=SA_RESTART|SA_SIGINFO
SIGTERM: [libjvm.so+0x922380], sa_mask[0]=11111111011111111101111111111110, sa_flags=SA_RESTART|SA_SIGINFO
SIGQUIT: [libjvm.so+0x922380], sa_mask[0]=11111111011111111101111111111110, sa_flags=SA_RESTART|SA_SIGINFO


---------------  S Y S T E M  ---------------

OS:CentOS release 6.3 (Final)

uname:Linux 2.6.32-279.el6.x86_64 #1 SMP Fri Jun 22 12:19:21 UTC 2012 x86_64
libc:glibc 2.12 NPTL 2.12 
rlimit: STACK 10240k, CORE 0k, NPROC 1024, NOFILE 4096, AS infinity
load average:0.74 0.95 0.71

/proc/meminfo:
MemTotal:        1520856 kB
MemFree:           62324 kB
Buffers:            1148 kB
Cached:            28264 kB
SwapCached:        53088 kB
Active:           983408 kB
Inactive:         337720 kB
Active(anon):     969396 kB
Inactive(anon):   324436 kB
Active(file):      14012 kB
Inactive(file):    13284 kB
Unevictable:           0 kB
Mlocked:               0 kB
SwapTotal:       1023992 kB
SwapFree:             32 kB
Dirty:               428 kB
Writeback:             0 kB
AnonPages:       1238784 kB
Mapped:            14988 kB
Shmem:              2016 kB
Slab:              74908 kB
SReclaimable:      15672 kB
SUnreclaim:        59236 kB
KernelStack:        5160 kB
PageTables:        22056 kB
NFS_Unstable:          0 kB
Bounce:                0 kB
WritebackTmp:          0 kB
CommitLimit:     1784420 kB
Committed_AS:    2855024 kB
VmallocTotal:   34359738367 kB
VmallocUsed:      157156 kB
VmallocChunk:   34359567660 kB
HardwareCorrupted:     0 kB
AnonHugePages:    475136 kB
HugePages_Total:       0
HugePages_Free:        0
HugePages_Rsvd:        0
HugePages_Surp:        0
Hugepagesize:       2048 kB
DirectMap4k:        6144 kB
DirectMap2M:     1566720 kB
DirectMap1G:           0 kB


CPU:total 1 (1 cores per cpu, 1 threads per core) family 6 model 60 stepping 3, cmov, cx8, fxsr, mmx, sse, sse2, sse3, ssse3, sse4.1, sse4.2, popcnt, avx, avx2, aes, clmul, erms, lzcnt, tsc, tscinvbit, bmi1, bmi2

/proc/cpuinfo:
processor	: 0
vendor_id	: GenuineIntel
cpu family	: 6
model		: 60
model name	: Intel(R) Core(TM) i7-4790 CPU @ 3.60GHz
stepping	: 3
cpu MHz		: 3601.000
cache size	: 8192 KB
fpu		: yes
fpu_exception	: yes
cpuid level	: 13
wp		: yes
flags		: fpu vme de pse tsc msr pae mce cx8 apic mtrr pge mca cmov pat pse36 clflush dts mmx fxsr sse sse2 ss syscall nx pdpe1gb rdtscp lm constant_tsc up arch_perfmon pebs bts xtopology tsc_reliable nonstop_tsc aperfmperf unfair_spinlock pni pclmulqdq ssse3 fma cx16 sse4_1 sse4_2 x2apic movbe popcnt aes xsave avx f16c rdrand hypervisor lahf_lm abm ida arat epb xsaveopt pln pts dts fsgsbase bmi1 smep
bogomips	: 7202.00
clflush size	: 64
cache_alignment	: 64
address sizes	: 42 bits physical, 48 bits virtual
power management:



Memory: 4k page, physical 1520856k(62324k free), swap 1023992k(32k free)

vm_info: Java HotSpot(TM) 64-Bit Server VM (25.111-b14) for linux-amd64 JRE (1.8.0_111-b14), built on Sep 22 2016 16:14:03 by "java_re" with gcc 4.3.0 20080428 (Red Hat 4.3.0-8)

time: Tue Oct  3 16:10:58 2017
elapsed time: 9 seconds (0d 0h 0m 9s)

